<?xml version="1.0" encoding="UTF-8"?>
<!-- Generated by org.testng.reporters.JUnitReportReporter -->
<testsuite hostname="LAPTOP-8UHT7ERE" failures="0" tests="1" name="RestAssured.GetRequestExample" time="1.786" errors="0" timestamp="2025-07-23T17:42:26 IST" skipped="0">
  <testcase classname="RestAssured.GetRequestExample" name="testGetRequest" time="1.786"/>
</testsuite> <!-- RestAssured.GetRequestExample -->
