<?xml version="1.0" encoding="UTF-8"?>
<!-- Generated by org.testng.reporters.JUnitReportReporter -->
<testsuite hostname="LAPTOP-8UHT7ERE" failures="0" tests="1" name="RestAssured.GetRepons" time="2.791" errors="0" timestamp="2025-07-06T13:27:30 IST" skipped="0">
  <testcase classname="RestAssured.GetRepons" name="getUsers" time="2.791"/>
</testsuite> <!-- RestAssured.GetRepons -->
